<?xml version="1.0" encoding="UTF-8"?>
<!-- Generated by org.testng.reporters.JUnitReportReporter -->
<testsuite hostname="DESKTOP-9S6H9Q2" failures="0" tests="1" name="testNG.ParameterPractice" time="0.044" errors="0" timestamp="2023-05-25T20:42:54 IST" skipped="0">
  <testcase classname="testNG.ParameterPractice" name="enterName" time="0.044"/>
  <system-out/>
</testsuite> <!-- testNG.ParameterPractice -->
