<?xml version="1.0" encoding="UTF-8"?>
<!-- Generated by org.testng.reporters.JUnitReportReporter -->
<testsuite hostname="DESKTOP-9S6H9Q2" failures="0" tests="3" name="testNG.SkipATestcasePractice" time="0.029" errors="0" timestamp="2023-05-25T15:35:04 IST" skipped="1">
  <testcase classname="testNG.SkipATestcasePractice" name="startBike" time="0.022"/>
  <system-out/>
  <testcase classname="testNG.SkipATestcasePractice" name="firstGear" time="0.007"/>
  <system-out/>
  <testcase classname="testNG.SkipATestcasePractice" name="secondGear">
    <skipped/>
  </testcase> <!-- secondGear -->
  <system-out/>
</testsuite> <!-- testNG.SkipATestcasePractice -->
