<?xml version="1.0" encoding="UTF-8"?>
<!-- Generated by org.testng.reporters.JUnitReportReporter -->
<testsuite hostname="DESKTOP-9S6H9Q2" failures="0" tests="2" name="testNG.ParallelTestingPractice" time="39.125" errors="0" timestamp="2023-05-26T15:54:17 IST" skipped="0">
  <testcase classname="testNG.ParallelTestingPractice" name="bing" time="19.162"/>
  <system-out/>
  <testcase classname="testNG.ParallelTestingPractice" name="google" time="19.963"/>
  <system-out/>
</testsuite> <!-- testNG.ParallelTestingPractice -->
