<?xml version="1.0" encoding="UTF-8"?>
<!-- Generated by org.testng.reporters.JUnitReportReporter -->
<testsuite hostname="DESKTOP-9S6H9Q2" failures="0" tests="2" name="testNG.AnnotationsHierarchy" time="0.071" errors="0" timestamp="2023-05-25T20:52:27 IST" skipped="0">
  <testcase classname="testNG.AnnotationsHierarchy" name="Test1" time="0.051"/>
  <system-out/>
  <testcase classname="testNG.AnnotationsHierarchy" name="Test2" time="0.020"/>
  <system-out/>
</testsuite> <!-- testNG.AnnotationsHierarchy -->
