<?xml version="1.0" encoding="UTF-8"?>
<!-- Generated by org.testng.reporters.JUnitReportReporter -->
<testsuite hostname="DESKTOP-9S6H9Q2" failures="0" tests="2" name="testNG.TestAnnotationPractice" time="0.030" errors="0" timestamp="2023-05-25T20:20:40 IST" skipped="0">
  <testcase classname="testNG.TestAnnotationPractice" name="secondTestCase" time="0.008"/>
  <system-out/>
  <testcase classname="testNG.TestAnnotationPractice" name="firstTestCase" time="0.022"/>
  <system-out/>
</testsuite> <!-- testNG.TestAnnotationPractice -->
