<?xml version="1.0" encoding="UTF-8"?>
<!-- Generated by org.testng.reporters.JUnitReportReporter -->
<testsuite hostname="DESKTOP-9S6H9Q2" failures="0" tests="1" name="testNG.ExpectedExceptionAttribute" time="2.042" errors="0" timestamp="2023-05-27T10:20:57 IST" skipped="0">
  <testcase classname="testNG.ExpectedExceptionAttribute" name="timeOut" time="2.042"/>
  <system-out/>
</testsuite> <!-- testNG.ExpectedExceptionAttribute -->
