<?xml version="1.0" encoding="UTF-8"?>
<!-- Generated by org.testng.reporters.JUnitReportReporter -->
<testsuite hostname="DESKTOP-9S6H9Q2" failures="0" tests="4" name="testNG.GroupingPractice" time="0.050" errors="0" timestamp="2023-05-25T20:29:52 IST" skipped="0">
  <testcase classname="testNG.GroupingPractice" name="banana1" time="0.008"/>
  <system-out/>
  <testcase classname="testNG.GroupingPractice" name="banana2" time="0.013"/>
  <system-out/>
  <testcase classname="testNG.GroupingPractice" name="apple2" time="0.010"/>
  <system-out/>
  <testcase classname="testNG.GroupingPractice" name="apple1" time="0.019"/>
  <system-out/>
</testsuite> <!-- testNG.GroupingPractice -->
