<?xml version="1.0" encoding="UTF-8"?>
<!-- Generated by org.testng.reporters.JUnitReportReporter -->
<testsuite hostname="DESKTOP-9S6H9Q2" failures="0" tests="3" name="testNG.DependsOnMethods" time="0.037" errors="0" timestamp="2023-05-25T15:40:31 IST" skipped="0">
  <testcase classname="testNG.DependsOnMethods" name="highschool" time="0.025"/>
  <system-out/>
  <testcase classname="testNG.DependsOnMethods" name="higherSecSchool" time="0.004"/>
  <system-out/>
  <testcase classname="testNG.DependsOnMethods" name="college" time="0.008"/>
  <system-out/>
</testsuite> <!-- testNG.DependsOnMethods -->
