<?xml version="1.0" encoding="UTF-8"?>
<!-- Generated by org.testng.reporters.JUnitReportReporter -->
<testsuite hostname="DESKTOP-9S6H9Q2" failures="0" tests="6" name="testNG.PriorityAttributePractice" time="0.044" errors="0" timestamp="2023-05-25T15:28:00 IST" skipped="0">
  <testcase classname="testNG.PriorityAttributePractice" name="first" time="0.021"/>
  <system-out/>
  <testcase classname="testNG.PriorityAttributePractice" name="second" time="0.005"/>
  <system-out/>
  <testcase classname="testNG.PriorityAttributePractice" name="third" time="0.004"/>
  <system-out/>
  <testcase classname="testNG.PriorityAttributePractice" name="four" time="0.006"/>
  <system-out/>
  <testcase classname="testNG.PriorityAttributePractice" name="five" time="0.004"/>
  <system-out/>
  <testcase classname="testNG.PriorityAttributePractice" name="six" time="0.004"/>
  <system-out/>
</testsuite> <!-- testNG.PriorityAttributePractice -->
