<?xml version="1.0" encoding="UTF-8"?>
<!-- Generated by org.testng.reporters.JUnitReportReporter -->
<testsuite hostname="DESKTOP-9S6H9Q2" failures="0" tests="2" name="testNG.SuitePractice" time="19.068" errors="0" timestamp="2023-05-26T15:51:11 IST" skipped="0">
  <testcase classname="testNG.SuitePractice" name="google" time="11.488"/>
  <system-out/>
  <testcase classname="testNG.SuitePractice" name="bing" time="7.580"/>
  <system-out/>
</testsuite> <!-- testNG.SuitePractice -->
