<?xml version="1.0" encoding="UTF-8"?>
<!-- Generated by org.testng.reporters.JUnitReportReporter -->
<testsuite hostname="DESKTOP-9S6H9Q2" failures="0" tests="4" name="testNG.PrintMultipleTimes" time="0.040" errors="0" timestamp="2023-05-27T10:12:51 IST" skipped="0">
  <testcase classname="testNG.PrintMultipleTimes" name="name" time="0.006"/>
  <system-out/>
  <testcase classname="testNG.PrintMultipleTimes" name="name" time="0.027"/>
  <system-out/>
  <testcase classname="testNG.PrintMultipleTimes" name="name" time="0.004"/>
  <system-out/>
  <testcase classname="testNG.PrintMultipleTimes" name="name" time="0.003"/>
  <system-out/>
</testsuite> <!-- testNG.PrintMultipleTimes -->
